操作人：(用户名:,管理员名:,IP:71.176.65.159)
时间：(2017/11/12 2:21:56),操作：(labelex),来源：(/Item/2449_0.aspx)
详情：(来源：B_CreateHtml,方法名：ContentLabelProc1,标签：{ZL.Label id="三级智能节点导航" NodeID="[暂无记录]" /},报错：SelByLabel:,报错:Message:列名 '暂无记录' 无效。,SQL:SELECT TOP 10 NodeID,NodeName,ParentID FROM ZL_Node WHERE  NodeID=[暂无记录],SP:,备注：)
/*-----------------------------------------------------------------------------------*/ 
 
操作人：(用户名:,管理员名:,IP:71.176.65.159)
时间：(2017/11/12 2:22:00),操作：(labelex),来源：(/Item/2449_1.aspx)
详情：(来源：B_CreateHtml,方法名：ContentLabelProc1,标签：{ZL.Label id="三级智能节点导航" NodeID="[暂无记录]" /},报错：SelByLabel:,报错:Message:列名 '暂无记录' 无效。,SQL:SELECT TOP 10 NodeID,NodeName,ParentID FROM ZL_Node WHERE  NodeID=[暂无记录],SP:,备注：)
/*-----------------------------------------------------------------------------------*/ 
 
操作人：(用户名:,管理员名:,IP:71.176.65.159)
时间：(2017/11/12 2:23:23),操作：(labelex),来源：(/Item/2456_0.aspx)
详情：(来源：B_CreateHtml,方法名：ContentLabelProc1,标签：{ZL.Label id="三级智能节点导航" NodeID="[暂无记录]" /},报错：SelByLabel:,报错:Message:列名 '暂无记录' 无效。,SQL:SELECT TOP 10 NodeID,NodeName,ParentID FROM ZL_Node WHERE  NodeID=[暂无记录],SP:,备注：)
/*-----------------------------------------------------------------------------------*/ 
 
操作人：(用户名:,管理员名:,IP:71.176.65.159)
时间：(2017/11/12 2:23:26),操作：(labelex),来源：(/Item/2456_1.aspx)
详情：(来源：B_CreateHtml,方法名：ContentLabelProc1,标签：{ZL.Label id="三级智能节点导航" NodeID="[暂无记录]" /},报错：SelByLabel:,报错:Message:列名 '暂无记录' 无效。,SQL:SELECT TOP 10 NodeID,NodeName,ParentID FROM ZL_Node WHERE  NodeID=[暂无记录],SP:,备注：)
/*-----------------------------------------------------------------------------------*/ 
 
操作人：(用户名:,管理员名:,IP:71.176.65.159)
时间：(2017/11/12 2:23:29),操作：(labelex),来源：(/Item/2457_0.aspx)
详情：(来源：B_CreateHtml,方法名：ContentLabelProc1,标签：{ZL.Label id="三级智能节点导航" NodeID="[暂无记录]" /},报错：SelByLabel:,报错:Message:列名 '暂无记录' 无效。,SQL:SELECT TOP 10 NodeID,NodeName,ParentID FROM ZL_Node WHERE  NodeID=[暂无记录],SP:,备注：)
/*-----------------------------------------------------------------------------------*/ 
 
操作人：(用户名:,管理员名:,IP:71.176.65.159)
时间：(2017/11/12 2:23:31),操作：(labelex),来源：(/Item/2457_1.aspx)
详情：(来源：B_CreateHtml,方法名：ContentLabelProc1,标签：{ZL.Label id="三级智能节点导航" NodeID="[暂无记录]" /},报错：SelByLabel:,报错:Message:列名 '暂无记录' 无效。,SQL:SELECT TOP 10 NodeID,NodeName,ParentID FROM ZL_Node WHERE  NodeID=[暂无记录],SP:,备注：)
/*-----------------------------------------------------------------------------------*/ 
 
操作人：(用户名:,管理员名:,IP:71.176.65.159)
时间：(2017/11/12 2:23:33),操作：(labelex),来源：(/Item/2458_0.aspx)
详情：(来源：B_CreateHtml,方法名：ContentLabelProc1,标签：{ZL.Label id="三级智能节点导航" NodeID="[暂无记录]" /},报错：SelByLabel:,报错:Message:列名 '暂无记录' 无效。,SQL:SELECT TOP 10 NodeID,NodeName,ParentID FROM ZL_Node WHERE  NodeID=[暂无记录],SP:,备注：)
/*-----------------------------------------------------------------------------------*/ 
 
操作人：(用户名:,管理员名:,IP:71.176.65.159)
时间：(2017/11/12 2:23:35),操作：(labelex),来源：(/Item/2458_1.aspx)
详情：(来源：B_CreateHtml,方法名：ContentLabelProc1,标签：{ZL.Label id="三级智能节点导航" NodeID="[暂无记录]" /},报错：SelByLabel:,报错:Message:列名 '暂无记录' 无效。,SQL:SELECT TOP 10 NodeID,NodeName,ParentID FROM ZL_Node WHERE  NodeID=[暂无记录],SP:,备注：)
/*-----------------------------------------------------------------------------------*/ 
 
操作人：(用户名:,管理员名:,IP:71.176.65.159)
时间：(2017/11/12 2:23:37),操作：(labelex),来源：(/Item/2459_0.aspx)
详情：(来源：B_CreateHtml,方法名：ContentLabelProc1,标签：{ZL.Label id="三级智能节点导航" NodeID="[暂无记录]" /},报错：SelByLabel:,报错:Message:列名 '暂无记录' 无效。,SQL:SELECT TOP 10 NodeID,NodeName,ParentID FROM ZL_Node WHERE  NodeID=[暂无记录],SP:,备注：)
/*-----------------------------------------------------------------------------------*/ 
 
操作人：(用户名:,管理员名:,IP:71.176.65.159)
时间：(2017/11/12 2:23:42),操作：(labelex),来源：(/Item/2459_1.aspx)
详情：(来源：B_CreateHtml,方法名：ContentLabelProc1,标签：{ZL.Label id="三级智能节点导航" NodeID="[暂无记录]" /},报错：SelByLabel:,报错:Message:列名 '暂无记录' 无效。,SQL:SELECT TOP 10 NodeID,NodeName,ParentID FROM ZL_Node WHERE  NodeID=[暂无记录],SP:,备注：)
/*-----------------------------------------------------------------------------------*/ 
 
操作人：(用户名:,管理员名:,IP:71.176.65.159)
时间：(2017/11/12 2:23:45),操作：(labelex),来源：(/Item/2459_1.aspx)
详情：(来源：B_CreateHtml,方法名：ContentLabelProc1,标签：{ZL.Label id="三级智能节点导航" NodeID="[暂无记录]" /},报错：SelByLabel:,报错:Message:列名 '暂无记录' 无效。,SQL:SELECT TOP 10 NodeID,NodeName,ParentID FROM ZL_Node WHERE  NodeID=[暂无记录],SP:,备注：)
/*-----------------------------------------------------------------------------------*/ 
 
操作人：(用户名:,管理员名:,IP:71.176.65.159)
时间：(2017/11/12 2:23:47),操作：(labelex),来源：(/Item/2460_0.aspx)
详情：(来源：B_CreateHtml,方法名：ContentLabelProc1,标签：{ZL.Label id="三级智能节点导航" NodeID="[暂无记录]" /},报错：SelByLabel:,报错:Message:列名 '暂无记录' 无效。,SQL:SELECT TOP 10 NodeID,NodeName,ParentID FROM ZL_Node WHERE  NodeID=[暂无记录],SP:,备注：)
/*-----------------------------------------------------------------------------------*/ 
 
操作人：(用户名:,管理员名:,IP:71.176.65.159)
时间：(2017/11/12 2:23:50),操作：(labelex),来源：(/Item/2460_1.aspx)
详情：(来源：B_CreateHtml,方法名：ContentLabelProc1,标签：{ZL.Label id="三级智能节点导航" NodeID="[暂无记录]" /},报错：SelByLabel:,报错:Message:列名 '暂无记录' 无效。,SQL:SELECT TOP 10 NodeID,NodeName,ParentID FROM ZL_Node WHERE  NodeID=[暂无记录],SP:,备注：)
/*-----------------------------------------------------------------------------------*/ 
 
操作人：(用户名:,管理员名:,IP:71.176.65.159)
时间：(2017/11/12 2:23:53),操作：(labelex),来源：(/Item/2461_0.aspx)
详情：(来源：B_CreateHtml,方法名：ContentLabelProc1,标签：{ZL.Label id="三级智能节点导航" NodeID="[暂无记录]" /},报错：SelByLabel:,报错:Message:列名 '暂无记录' 无效。,SQL:SELECT TOP 10 NodeID,NodeName,ParentID FROM ZL_Node WHERE  NodeID=[暂无记录],SP:,备注：)
/*-----------------------------------------------------------------------------------*/ 
 
操作人：(用户名:,管理员名:,IP:71.176.65.159)
时间：(2017/11/12 2:23:55),操作：(labelex),来源：(/Item/2461_1.aspx)
详情：(来源：B_CreateHtml,方法名：ContentLabelProc1,标签：{ZL.Label id="三级智能节点导航" NodeID="[暂无记录]" /},报错：SelByLabel:,报错:Message:列名 '暂无记录' 无效。,SQL:SELECT TOP 10 NodeID,NodeName,ParentID FROM ZL_Node WHERE  NodeID=[暂无记录],SP:,备注：)
/*-----------------------------------------------------------------------------------*/ 
 
操作人：(用户名:,管理员名:,IP:71.176.65.159)
时间：(2017/11/12 2:23:59),操作：(labelex),来源：(/Item/2462_0.aspx)
详情：(来源：B_CreateHtml,方法名：ContentLabelProc1,标签：{ZL.Label id="三级智能节点导航" NodeID="[暂无记录]" /},报错：SelByLabel:,报错:Message:列名 '暂无记录' 无效。,SQL:SELECT TOP 10 NodeID,NodeName,ParentID FROM ZL_Node WHERE  NodeID=[暂无记录],SP:,备注：)
/*-----------------------------------------------------------------------------------*/ 
 
操作人：(用户名:,管理员名:,IP:71.176.65.159)
时间：(2017/11/12 2:24:01),操作：(labelex),来源：(/Item/2462_0.aspx)
详情：(来源：B_CreateHtml,方法名：ContentLabelProc1,标签：{ZL.Label id="三级智能节点导航" NodeID="[暂无记录]" /},报错：SelByLabel:,报错:Message:列名 '暂无记录' 无效。,SQL:SELECT TOP 10 NodeID,NodeName,ParentID FROM ZL_Node WHERE  NodeID=[暂无记录],SP:,备注：)
/*-----------------------------------------------------------------------------------*/ 
 
操作人：(用户名:,管理员名:,IP:71.176.65.159)
时间：(2017/11/12 2:24:06),操作：(labelex),来源：(/Item/2462_1.aspx)
详情：(来源：B_CreateHtml,方法名：ContentLabelProc1,标签：{ZL.Label id="三级智能节点导航" NodeID="[暂无记录]" /},报错：SelByLabel:,报错:Message:列名 '暂无记录' 无效。,SQL:SELECT TOP 10 NodeID,NodeName,ParentID FROM ZL_Node WHERE  NodeID=[暂无记录],SP:,备注：)
/*-----------------------------------------------------------------------------------*/ 
 
操作人：(用户名:,管理员名:,IP:71.176.65.159)
时间：(2017/11/12 2:24:08),操作：(labelex),来源：(/Item/2462_1.aspx)
详情：(来源：B_CreateHtml,方法名：ContentLabelProc1,标签：{ZL.Label id="三级智能节点导航" NodeID="[暂无记录]" /},报错：SelByLabel:,报错:Message:列名 '暂无记录' 无效。,SQL:SELECT TOP 10 NodeID,NodeName,ParentID FROM ZL_Node WHERE  NodeID=[暂无记录],SP:,备注：)
/*-----------------------------------------------------------------------------------*/ 
 
操作人：(用户名:,管理员名:,IP:71.176.65.159)
时间：(2017/11/12 2:24:12),操作：(labelex),来源：(/Item/2463_0.aspx)
详情：(来源：B_CreateHtml,方法名：ContentLabelProc1,标签：{ZL.Label id="三级智能节点导航" NodeID="[暂无记录]" /},报错：SelByLabel:,报错:Message:列名 '暂无记录' 无效。,SQL:SELECT TOP 10 NodeID,NodeName,ParentID FROM ZL_Node WHERE  NodeID=[暂无记录],SP:,备注：)
/*-----------------------------------------------------------------------------------*/ 
 
操作人：(用户名:,管理员名:,IP:71.176.65.159)
时间：(2017/11/12 2:24:15),操作：(labelex),来源：(/Item/2463_0.aspx)
详情：(来源：B_CreateHtml,方法名：ContentLabelProc1,标签：{ZL.Label id="三级智能节点导航" NodeID="[暂无记录]" /},报错：SelByLabel:,报错:Message:列名 '暂无记录' 无效。,SQL:SELECT TOP 10 NodeID,NodeName,ParentID FROM ZL_Node WHERE  NodeID=[暂无记录],SP:,备注：)
/*-----------------------------------------------------------------------------------*/ 
 
操作人：(用户名:,管理员名:,IP:71.176.65.159)
时间：(2017/11/12 2:24:21),操作：(labelex),来源：(/Item/2463_1.aspx)
详情：(来源：B_CreateHtml,方法名：ContentLabelProc1,标签：{ZL.Label id="三级智能节点导航" NodeID="[暂无记录]" /},报错：SelByLabel:,报错:Message:列名 '暂无记录' 无效。,SQL:SELECT TOP 10 NodeID,NodeName,ParentID FROM ZL_Node WHERE  NodeID=[暂无记录],SP:,备注：)
/*-----------------------------------------------------------------------------------*/ 
 
操作人：(用户名:,管理员名:,IP:71.176.65.159)
时间：(2017/11/12 2:24:23),操作：(labelex),来源：(/Item/2463_1.aspx)
详情：(来源：B_CreateHtml,方法名：ContentLabelProc1,标签：{ZL.Label id="三级智能节点导航" NodeID="[暂无记录]" /},报错：SelByLabel:,报错:Message:列名 '暂无记录' 无效。,SQL:SELECT TOP 10 NodeID,NodeName,ParentID FROM ZL_Node WHERE  NodeID=[暂无记录],SP:,备注：)
/*-----------------------------------------------------------------------------------*/ 
 
操作人：(用户名:,管理员名:,IP:71.176.65.159)
时间：(2017/11/12 2:24:28),操作：(labelex),来源：(/Item/2464_0.aspx)
详情：(来源：B_CreateHtml,方法名：ContentLabelProc1,标签：{ZL.Label id="三级智能节点导航" NodeID="[暂无记录]" /},报错：SelByLabel:,报错:Message:列名 '暂无记录' 无效。,SQL:SELECT TOP 10 NodeID,NodeName,ParentID FROM ZL_Node WHERE  NodeID=[暂无记录],SP:,备注：)
/*-----------------------------------------------------------------------------------*/ 
 
操作人：(用户名:,管理员名:,IP:71.176.65.159)
时间：(2017/11/12 2:24:30),操作：(labelex),来源：(/Item/2464_0.aspx)
详情：(来源：B_CreateHtml,方法名：ContentLabelProc1,标签：{ZL.Label id="三级智能节点导航" NodeID="[暂无记录]" /},报错：SelByLabel:,报错:Message:列名 '暂无记录' 无效。,SQL:SELECT TOP 10 NodeID,NodeName,ParentID FROM ZL_Node WHERE  NodeID=[暂无记录],SP:,备注：)
/*-----------------------------------------------------------------------------------*/ 
 
操作人：(用户名:,管理员名:,IP:71.176.65.159)
时间：(2017/11/12 2:24:33),操作：(labelex),来源：(/Item/2464_1.aspx)
详情：(来源：B_CreateHtml,方法名：ContentLabelProc1,标签：{ZL.Label id="三级智能节点导航" NodeID="[暂无记录]" /},报错：SelByLabel:,报错:Message:列名 '暂无记录' 无效。,SQL:SELECT TOP 10 NodeID,NodeName,ParentID FROM ZL_Node WHERE  NodeID=[暂无记录],SP:,备注：)
/*-----------------------------------------------------------------------------------*/ 
 
操作人：(用户名:,管理员名:,IP:71.176.65.159)
时间：(2017/11/12 2:24:35),操作：(labelex),来源：(/Item/2465_0.aspx)
详情：(来源：B_CreateHtml,方法名：ContentLabelProc1,标签：{ZL.Label id="三级智能节点导航" NodeID="[暂无记录]" /},报错：SelByLabel:,报错:Message:列名 '暂无记录' 无效。,SQL:SELECT TOP 10 NodeID,NodeName,ParentID FROM ZL_Node WHERE  NodeID=[暂无记录],SP:,备注：)
/*-----------------------------------------------------------------------------------*/ 
 
操作人：(用户名:,管理员名:,IP:71.176.65.159)
时间：(2017/11/12 2:24:37),操作：(labelex),来源：(/Item/2465_1.aspx)
详情：(来源：B_CreateHtml,方法名：ContentLabelProc1,标签：{ZL.Label id="三级智能节点导航" NodeID="[暂无记录]" /},报错：SelByLabel:,报错:Message:列名 '暂无记录' 无效。,SQL:SELECT TOP 10 NodeID,NodeName,ParentID FROM ZL_Node WHERE  NodeID=[暂无记录],SP:,备注：)
/*-----------------------------------------------------------------------------------*/ 
 
操作人：(用户名:,管理员名:,IP:136.243.68.226)
时间：(2017/11/12 8:12:32),操作：(labelex),来源：(/Item/2449_0.aspx)
详情：(来源：B_CreateHtml,方法名：ContentLabelProc1,标签：{ZL.Label id="三级智能节点导航" NodeID="[暂无记录]" /},报错：SelByLabel:,报错:Message:列名 '暂无记录' 无效。,SQL:SELECT TOP 10 NodeID,NodeName,ParentID FROM ZL_Node WHERE  NodeID=[暂无记录],SP:,备注：)
/*-----------------------------------------------------------------------------------*/ 
 
操作人：(用户名:,管理员名:,IP:136.243.68.226)
时间：(2017/11/12 8:12:36),操作：(labelex),来源：(/Item/2449_1.aspx)
详情：(来源：B_CreateHtml,方法名：ContentLabelProc1,标签：{ZL.Label id="三级智能节点导航" NodeID="[暂无记录]" /},报错：SelByLabel:,报错:Message:列名 '暂无记录' 无效。,SQL:SELECT TOP 10 NodeID,NodeName,ParentID FROM ZL_Node WHERE  NodeID=[暂无记录],SP:,备注：)
/*-----------------------------------------------------------------------------------*/ 
 
操作人：(用户名:,管理员名:,IP:136.243.68.226)
时间：(2017/11/12 8:12:52),操作：(labelex),来源：(/Item/2456_0.aspx)
详情：(来源：B_CreateHtml,方法名：ContentLabelProc1,标签：{ZL.Label id="三级智能节点导航" NodeID="[暂无记录]" /},报错：SelByLabel:,报错:Message:列名 '暂无记录' 无效。,SQL:SELECT TOP 10 NodeID,NodeName,ParentID FROM ZL_Node WHERE  NodeID=[暂无记录],SP:,备注：)
/*-----------------------------------------------------------------------------------*/ 
 
操作人：(用户名:,管理员名:,IP:136.243.68.226)
时间：(2017/11/12 8:12:56),操作：(labelex),来源：(/Item/2456_1.aspx)
详情：(来源：B_CreateHtml,方法名：ContentLabelProc1,标签：{ZL.Label id="三级智能节点导航" NodeID="[暂无记录]" /},报错：SelByLabel:,报错:Message:列名 '暂无记录' 无效。,SQL:SELECT TOP 10 NodeID,NodeName,ParentID FROM ZL_Node WHERE  NodeID=[暂无记录],SP:,备注：)
/*-----------------------------------------------------------------------------------*/ 
 
操作人：(用户名:,管理员名:,IP:136.243.68.226)
时间：(2017/11/12 8:12:59),操作：(labelex),来源：(/Item/2457_0.aspx)
详情：(来源：B_CreateHtml,方法名：ContentLabelProc1,标签：{ZL.Label id="三级智能节点导航" NodeID="[暂无记录]" /},报错：SelByLabel:,报错:Message:列名 '暂无记录' 无效。,SQL:SELECT TOP 10 NodeID,NodeName,ParentID FROM ZL_Node WHERE  NodeID=[暂无记录],SP:,备注：)
/*-----------------------------------------------------------------------------------*/ 
 
操作人：(用户名:,管理员名:,IP:136.243.68.226)
时间：(2017/11/12 8:13:03),操作：(labelex),来源：(/Item/2457_1.aspx)
详情：(来源：B_CreateHtml,方法名：ContentLabelProc1,标签：{ZL.Label id="三级智能节点导航" NodeID="[暂无记录]" /},报错：SelByLabel:,报错:Message:列名 '暂无记录' 无效。,SQL:SELECT TOP 10 NodeID,NodeName,ParentID FROM ZL_Node WHERE  NodeID=[暂无记录],SP:,备注：)
/*-----------------------------------------------------------------------------------*/ 
 
操作人：(用户名:,管理员名:,IP:136.243.68.226)
时间：(2017/11/12 8:13:06),操作：(labelex),来源：(/Item/2458_0.aspx)
详情：(来源：B_CreateHtml,方法名：ContentLabelProc1,标签：{ZL.Label id="三级智能节点导航" NodeID="[暂无记录]" /},报错：SelByLabel:,报错:Message:列名 '暂无记录' 无效。,SQL:SELECT TOP 10 NodeID,NodeName,ParentID FROM ZL_Node WHERE  NodeID=[暂无记录],SP:,备注：)
/*-----------------------------------------------------------------------------------*/ 
 
操作人：(用户名:,管理员名:,IP:136.243.68.226)
时间：(2017/11/12 8:13:10),操作：(labelex),来源：(/Item/2458_1.aspx)
详情：(来源：B_CreateHtml,方法名：ContentLabelProc1,标签：{ZL.Label id="三级智能节点导航" NodeID="[暂无记录]" /},报错：SelByLabel:,报错:Message:列名 '暂无记录' 无效。,SQL:SELECT TOP 10 NodeID,NodeName,ParentID FROM ZL_Node WHERE  NodeID=[暂无记录],SP:,备注：)
/*-----------------------------------------------------------------------------------*/ 
 
操作人：(用户名:,管理员名:,IP:136.243.68.226)
时间：(2017/11/12 8:13:14),操作：(labelex),来源：(/Item/2459_0.aspx)
详情：(来源：B_CreateHtml,方法名：ContentLabelProc1,标签：{ZL.Label id="三级智能节点导航" NodeID="[暂无记录]" /},报错：SelByLabel:,报错:Message:列名 '暂无记录' 无效。,SQL:SELECT TOP 10 NodeID,NodeName,ParentID FROM ZL_Node WHERE  NodeID=[暂无记录],SP:,备注：)
/*-----------------------------------------------------------------------------------*/ 
 
操作人：(用户名:,管理员名:,IP:136.243.68.226)
时间：(2017/11/12 8:13:18),操作：(labelex),来源：(/Item/2460_0.aspx)
详情：(来源：B_CreateHtml,方法名：ContentLabelProc1,标签：{ZL.Label id="三级智能节点导航" NodeID="[暂无记录]" /},报错：SelByLabel:,报错:Message:列名 '暂无记录' 无效。,SQL:SELECT TOP 10 NodeID,NodeName,ParentID FROM ZL_Node WHERE  NodeID=[暂无记录],SP:,备注：)
/*-----------------------------------------------------------------------------------*/ 
 
操作人：(用户名:,管理员名:,IP:136.243.68.226)
时间：(2017/11/12 8:13:21),操作：(labelex),来源：(/Item/2460_1.aspx)
详情：(来源：B_CreateHtml,方法名：ContentLabelProc1,标签：{ZL.Label id="三级智能节点导航" NodeID="[暂无记录]" /},报错：SelByLabel:,报错:Message:列名 '暂无记录' 无效。,SQL:SELECT TOP 10 NodeID,NodeName,ParentID FROM ZL_Node WHERE  NodeID=[暂无记录],SP:,备注：)
/*-----------------------------------------------------------------------------------*/ 
 
操作人：(用户名:,管理员名:,IP:136.243.68.226)
时间：(2017/11/12 8:13:25),操作：(labelex),来源：(/Item/2461_0.aspx)
详情：(来源：B_CreateHtml,方法名：ContentLabelProc1,标签：{ZL.Label id="三级智能节点导航" NodeID="[暂无记录]" /},报错：SelByLabel:,报错:Message:列名 '暂无记录' 无效。,SQL:SELECT TOP 10 NodeID,NodeName,ParentID FROM ZL_Node WHERE  NodeID=[暂无记录],SP:,备注：)
/*-----------------------------------------------------------------------------------*/ 
 
操作人：(用户名:,管理员名:,IP:136.243.68.226)
时间：(2017/11/12 8:13:28),操作：(labelex),来源：(/Item/2461_1.aspx)
详情：(来源：B_CreateHtml,方法名：ContentLabelProc1,标签：{ZL.Label id="三级智能节点导航" NodeID="[暂无记录]" /},报错：SelByLabel:,报错:Message:列名 '暂无记录' 无效。,SQL:SELECT TOP 10 NodeID,NodeName,ParentID FROM ZL_Node WHERE  NodeID=[暂无记录],SP:,备注：)
/*-----------------------------------------------------------------------------------*/ 
 
操作人：(用户名:,管理员名:,IP:136.243.68.226)
时间：(2017/11/12 8:13:32),操作：(labelex),来源：(/Item/2464_1.aspx)
详情：(来源：B_CreateHtml,方法名：ContentLabelProc1,标签：{ZL.Label id="三级智能节点导航" NodeID="[暂无记录]" /},报错：SelByLabel:,报错:Message:列名 '暂无记录' 无效。,SQL:SELECT TOP 10 NodeID,NodeName,ParentID FROM ZL_Node WHERE  NodeID=[暂无记录],SP:,备注：)
/*-----------------------------------------------------------------------------------*/ 
 
操作人：(用户名:,管理员名:,IP:136.243.68.226)
时间：(2017/11/12 8:13:35),操作：(labelex),来源：(/Item/2465_0.aspx)
详情：(来源：B_CreateHtml,方法名：ContentLabelProc1,标签：{ZL.Label id="三级智能节点导航" NodeID="[暂无记录]" /},报错：SelByLabel:,报错:Message:列名 '暂无记录' 无效。,SQL:SELECT TOP 10 NodeID,NodeName,ParentID FROM ZL_Node WHERE  NodeID=[暂无记录],SP:,备注：)
/*-----------------------------------------------------------------------------------*/ 
 
操作人：(用户名:,管理员名:,IP:136.243.68.226)
时间：(2017/11/12 8:13:39),操作：(labelex),来源：(/Item/2465_1.aspx)
详情：(来源：B_CreateHtml,方法名：ContentLabelProc1,标签：{ZL.Label id="三级智能节点导航" NodeID="[暂无记录]" /},报错：SelByLabel:,报错:Message:列名 '暂无记录' 无效。,SQL:SELECT TOP 10 NodeID,NodeName,ParentID FROM ZL_Node WHERE  NodeID=[暂无记录],SP:,备注：)
/*-----------------------------------------------------------------------------------*/ 
 
操作人：(用户名:,管理员名:,IP:)
时间：(2017/11/12 9:27:54),操作：(labelex),来源：()
详情：(来源：B_CreateHtml,方法名：ContentLabelProc1,标签：{ZL.Label id="博客列表分页_根据时间GET值输出" NodeID="30" ShowNum="10" TitleNum="80" length="440" data=""  /},报错：SelByLabel:CreateTime DESC,报错:Message:从字符串转换日期和/或时间时，转换失败。,SQL:SELECT COUNT(*) FROM ZL_CommonModel ZL_CommonModel LEFT JOIN ZL_C_Article ZL_C_Article ON  ZL_CommonModel.ItemID=ZL_C_Article.ID WHERE  (FirstNodeID=30 or NodeID=30) and Status=99 and (CONVERT(varchar(100),CreateTime,23)=CONVERT(varchar(100),CONVERT(datetime,'0'),23)),SP:,备注：)
/*-----------------------------------------------------------------------------------*/ 
 
操作人：(用户名:,管理员名:,IP:101.132.43.93)
时间：(2017/11/12 15:26:42),操作：(labelex),来源：(/Index)
详情：(来源：B_CreateHtml,方法名：ContentLabelProc1,标签：{ZL.Label id="输出贴吧达人" ShowNum="9" /},报错：SelByLabel:PostNum Desc,报错:Message:列名 'PostNum' 无效。,SQL:SELECT TOP 9 * FROM (SELECT ROW_Number() OVER( ORDER BY PostNum Desc) RowNum, UserID,UserName,HName= CASE WHEN HoneyName<>'' THEN HoneyName ELSE UserName END,UserFace=(Select UserFace from ZL_UserBase where ZL_UserBase.UserID=ZL_User.UserID),PostNum=(Select Count(*) from ZL_Guest_Bar where Pid=0  and Status=1 and CUName=ZL_User.UserName) FROM ZL_User WHERE  UserID!=0) ZL_User WHERE RowNum>0,SP:,备注：)
/*-----------------------------------------------------------------------------------*/ 
 
操作人：(用户名:,管理员名:,IP:101.132.43.93)
时间：(2017/11/12 15:26:42),操作：(labelex),来源：(/Index)
详情：(来源：B_CreateHtml,方法名：ContentLabelProc1,标签：{ZL.Label id="输出热帖推荐" ShowNum="5" TitleNum="40" /},报错：SelByLabel:ReplyNum DESC,CDate DESC,报错:Message:列名 'ReplyNum' 无效。,SQL:SELECT TOP 5 * FROM (SELECT ROW_Number() OVER( ORDER BY ReplyNum DESC,CDate DESC) RowNum, ReplyNum=(select COUNT(*) from ZL_Guest_Bar where Pid=ZL_Guest_Bar.ID),ID,Subtitle,Title FROM ZL_Guest_Bar WHERE  Pid=0 And Status=1) ZL_Guest_Bar WHERE RowNum>0,SP:,备注：)
/*-----------------------------------------------------------------------------------*/ 
 
操作人：(用户名:,管理员名:,IP:101.132.43.93)
时间：(2017/11/12 15:26:42),操作：(labelex),来源：(/Index)
详情：(来源：B_CreateHtml,方法名：ContentLabelProc1,标签：{ZL.Label id="贴吧输出热点新闻" NodeID="1" TitleNum="20" ShowNum="2" SysNum="40" /},报错：SelByLabel:ZL_CommonModel.CreateTime DESC,报错:Message:列名 'pic' 无效。,SQL:SELECT COUNT(*) FROM ZL_CommonModel ZL_CommonModel LEFT JOIN ZL_C_Article ZL_C_Article ON  ZL_CommonModel.ItemID=ZL_C_Article.ID WHERE  (NodeID=1 or FirstNodeID=1) And Status=99 And ZL_C_Article.pic<>'',SP:,备注：)
/*-----------------------------------------------------------------------------------*/ 
 
操作人：(用户名:,管理员名:,IP:139.162.105.71)
时间：(2017/11/12 15:45:23),操作：(labelex),来源：(/Index)
详情：(来源：B_CreateHtml,方法名：ContentLabelProc1,标签：{ZL.Label id="输出贴吧达人" ShowNum="9" /},报错：SelByLabel:PostNum Desc,报错:Message:列名 'PostNum' 无效。,SQL:SELECT TOP 9 * FROM (SELECT ROW_Number() OVER( ORDER BY PostNum Desc) RowNum, UserID,UserName,HName= CASE WHEN HoneyName<>'' THEN HoneyName ELSE UserName END,UserFace=(Select UserFace from ZL_UserBase where ZL_UserBase.UserID=ZL_User.UserID),PostNum=(Select Count(*) from ZL_Guest_Bar where Pid=0  and Status=1 and CUName=ZL_User.UserName) FROM ZL_User WHERE  UserID!=0) ZL_User WHERE RowNum>0,SP:,备注：)
/*-----------------------------------------------------------------------------------*/ 
 
操作人：(用户名:,管理员名:,IP:139.162.105.71)
时间：(2017/11/12 15:45:23),操作：(labelex),来源：(/Index)
详情：(来源：B_CreateHtml,方法名：ContentLabelProc1,标签：{ZL.Label id="输出热帖推荐" ShowNum="5" TitleNum="40" /},报错：SelByLabel:ReplyNum DESC,CDate DESC,报错:Message:列名 'ReplyNum' 无效。,SQL:SELECT TOP 5 * FROM (SELECT ROW_Number() OVER( ORDER BY ReplyNum DESC,CDate DESC) RowNum, ReplyNum=(select COUNT(*) from ZL_Guest_Bar where Pid=ZL_Guest_Bar.ID),ID,Subtitle,Title FROM ZL_Guest_Bar WHERE  Pid=0 And Status=1) ZL_Guest_Bar WHERE RowNum>0,SP:,备注：)
/*-----------------------------------------------------------------------------------*/ 
 
操作人：(用户名:,管理员名:,IP:139.162.105.71)
时间：(2017/11/12 15:45:23),操作：(labelex),来源：(/Index)
详情：(来源：B_CreateHtml,方法名：ContentLabelProc1,标签：{ZL.Label id="贴吧输出热点新闻" NodeID="1" TitleNum="20" ShowNum="2" SysNum="40" /},报错：SelByLabel:ZL_CommonModel.CreateTime DESC,报错:Message:列名 'pic' 无效。,SQL:SELECT COUNT(*) FROM ZL_CommonModel ZL_CommonModel LEFT JOIN ZL_C_Article ZL_C_Article ON  ZL_CommonModel.ItemID=ZL_C_Article.ID WHERE  (NodeID=1 or FirstNodeID=1) And Status=99 And ZL_C_Article.pic<>'',SP:,备注：)
/*-----------------------------------------------------------------------------------*/ 
 
操作人：(用户名:,管理员名:,IP:139.162.105.71)
时间：(2017/11/12 15:45:38),操作：(labelex),来源：(/Index)
详情：(来源：B_CreateHtml,方法名：ContentLabelProc1,标签：{ZL.Label id="输出贴吧达人" ShowNum="9" /},报错：SelByLabel:PostNum Desc,报错:Message:列名 'PostNum' 无效。,SQL:SELECT TOP 9 * FROM (SELECT ROW_Number() OVER( ORDER BY PostNum Desc) RowNum, UserID,UserName,HName= CASE WHEN HoneyName<>'' THEN HoneyName ELSE UserName END,UserFace=(Select UserFace from ZL_UserBase where ZL_UserBase.UserID=ZL_User.UserID),PostNum=(Select Count(*) from ZL_Guest_Bar where Pid=0  and Status=1 and CUName=ZL_User.UserName) FROM ZL_User WHERE  UserID!=0) ZL_User WHERE RowNum>0,SP:,备注：)
/*-----------------------------------------------------------------------------------*/ 
 
操作人：(用户名:,管理员名:,IP:139.162.105.71)
时间：(2017/11/12 15:45:38),操作：(labelex),来源：(/Index)
详情：(来源：B_CreateHtml,方法名：ContentLabelProc1,标签：{ZL.Label id="输出热帖推荐" ShowNum="5" TitleNum="40" /},报错：SelByLabel:ReplyNum DESC,CDate DESC,报错:Message:列名 'ReplyNum' 无效。,SQL:SELECT TOP 5 * FROM (SELECT ROW_Number() OVER( ORDER BY ReplyNum DESC,CDate DESC) RowNum, ReplyNum=(select COUNT(*) from ZL_Guest_Bar where Pid=ZL_Guest_Bar.ID),ID,Subtitle,Title FROM ZL_Guest_Bar WHERE  Pid=0 And Status=1) ZL_Guest_Bar WHERE RowNum>0,SP:,备注：)
/*-----------------------------------------------------------------------------------*/ 
 
操作人：(用户名:,管理员名:,IP:139.162.105.71)
时间：(2017/11/12 15:45:38),操作：(labelex),来源：(/Index)
详情：(来源：B_CreateHtml,方法名：ContentLabelProc1,标签：{ZL.Label id="贴吧输出热点新闻" NodeID="1" TitleNum="20" ShowNum="2" SysNum="40" /},报错：SelByLabel:ZL_CommonModel.CreateTime DESC,报错:Message:列名 'pic' 无效。,SQL:SELECT COUNT(*) FROM ZL_CommonModel ZL_CommonModel LEFT JOIN ZL_C_Article ZL_C_Article ON  ZL_CommonModel.ItemID=ZL_C_Article.ID WHERE  (NodeID=1 or FirstNodeID=1) And Status=99 And ZL_C_Article.pic<>'',SP:,备注：)
/*-----------------------------------------------------------------------------------*/ 
 
